[ INFO] - :23 2022-06-22 14:57:06 - Hola
[DEBUG] - :24 2022-06-22 14:57:06 - bug
[ INFO] - :74 2022-06-22 17:57:23 - Se subió el archivo testsdafsadfsadfsadf.adsfsdfsf en la carpeta root
[ INFO] - :87 2022-06-22 18:12:58 - Se subió el archivo testsdafsadfsadfsadf.adsfsdfsf en la carpeta root
[ INFO] - :110 2022-06-22 21:54:11 - Se subió el archivo testsdafsadfsadfsadf.adsfsdfsf en la carpeta root
[ INFO] - :110 2022-06-22 21:54:24 - Se subió el archivo paisaje-digital-en-atardecer_2560x1440_xtrafondos.com en la carpeta root
[ INFO] - :110 2022-06-22 22:03:36 - Se subió el archivo testsdafsadfsadfsadf.adsfsdfsf en la carpeta root
[ INFO] - :110 2022-06-22 22:29:53 - Se subió el archivo testsdafsadfsadfsadf.adsfsdfsf en la carpeta root
[ INFO] - :110 2022-06-22 22:30:05 - Se subió el archivo paisaje-digital-en-atardecer_2560x1440_xtrafondos.com en la carpeta root
[ INFO] - :110 2022-06-22 22:34:39 - Se subió el archivo testsdafsadfsadfsadf.adsfsdfsf en la carpeta hola
[ INFO] - :110 2022-06-22 22:36:54 - Se subió el archivo testsdafsadfsadfsadf.adsfsdfsf en la carpeta root
[ INFO] - :110 2022-06-22 22:36:57 - Se subió el archivo testsdafsadfsadfsadf.adsfsdfsf en la carpeta root
[ INFO] - :110 2022-06-22 22:37:06 - Se subió el archivo testsdafsadfsadfsadf.adsfsdfsf en la carpeta Hola
[ INFO] - :115 2022-06-22 22:47:06 - Se subió el archivo testsdafsadfsadfsadf.adsfsdfsf en la carpeta root
[ INFO] - :134 2022-06-22 23:16:09 - Se subió el archivo testsdafsadfsadfsadf.adsfsdfsf en la carpeta Root
[ INFO] - :134 2022-06-22 23:16:16 - Se subió el archivo testsdafsadfsadfsadf.adsfsdfsf en la carpeta Hola
[ INFO] - :134 2022-06-22 23:17:10 - Se subió el archivo testsdafsadfsadfsadf.adsfsdfsf en la carpeta Root
[ INFO] - :137 2022-06-22 23:40:07 - Se subió el archivo testsdafsadfsadfsadf.adsfsdfsf en la carpeta Root
[ INFO] - :137 2022-06-22 23:40:20 - Se subió el archivo pom en la carpeta Hola
[ INFO] - :137 2022-06-22 23:52:26 - Se subió el archivo testsdafsadfsadfsadf.adsfsdfsf en la carpeta Hola
[ INFO] - :137 2022-06-22 23:52:31 - Se subió el archivo testsdafsadfsadfsadf.adsfsdfsf en la carpeta Hola
